# JRE version: OpenJDK Runtime Environment Temurin-21.0.9+10 (21.0.9+10) (build 21.0.9+10-LTS)
# Java VM: OpenJDK 64-Bit Server VM Temurin-21.0.9+10 (21.0.9+10-LTS, mixed mode, sharing, tiered, compressed oops, compressed class ptrs, parallel gc, windows-amd64)
GC Precious Log:
 CardTable entry size: 512
 CPUs: 12 total, 12 available
 Memory: 15752M
 Large Page Support: Disabled
 NUMA Support: Disabled
 Compressed Oops: Enabled (32-bit)
 Alignments: Space 512K, Generation 512K, Heap 2M
 Heap Min Capacity: 100M
 Heap Initial Capacity: 100M
 Heap Max Capacity: 2G
 Pre-touch: Disabled
 Parallel Workers: 10
Heap:
 PSYoungGen      total 16384K, used 1449K [0x00000000d5580000, 0x00000000d6700000, 0x0000000100000000)
  eden space 14848K, 1% used [0x00000000d5580000,0x00000000d55ae5d8,0x00000000d6400000)
  from space 1536K, 82% used [0x00000000d6580000,0x00000000d66bc010,0x00000000d6700000)
  to   space 1536K, 0% used [0x00000000d6400000,0x00000000d6400000,0x00000000d6580000)
 ParOldGen       total 1223168K, used 1222908K [0x0000000080000000, 0x00000000caa80000, 0x00000000d5580000)
  object space 1223168K, 99% used [0x0000000080000000,0x00000000caa3f0f0,0x00000000caa80000)
 Metaspace       used 84087K, committed 85696K, reserved 1179648K
  class space    used 8146K, committed 8960K, reserved 1048576K
GC Heap History (20 events):
Event: 6607.868 GC heap after
{Heap after GC invocations=2549 (full 6):
 PSYoungGen      total 9728K, used 2546K [0x00000000d5580000, 0x00000000d7200000, 0x0000000100000000)
  eden space 7168K, 0% used [0x00000000d5580000,0x00000000d5580000,0x00000000d5c80000)
  from space 2560K, 99% used [0x00000000d6480000,0x00000000d66fc860,0x00000000d6700000)
  to   space 8192K, 0% used [0x00000000d5c80000,0x00000000d5c80000,0x00000000d6480000)
 ParOldGen       total 1206272K, used 1206234K [0x0000000080000000, 0x00000000c9a00000, 0x00000000d5580000)
  object space 1206272K, 99% used [0x0000000080000000,0x00000000c99f6908,0x00000000c9a00000)
 Metaspace       used 84082K, committed 85696K, reserved 1179648K
  class space    used 8146K, committed 8960K, reserved 1048576K
}
Event: 6607.877 GC heap before
{Heap before GC invocations=2550 (full 6):
 PSYoungGen      total 9728K, used 9714K [0x00000000d5580000, 0x00000000d7200000, 0x0000000100000000)
  eden space 7168K, 100% used [0x00000000d5580000,0x00000000d5c80000,0x00000000d5c80000)
  from space 2560K, 99% used [0x00000000d6480000,0x00000000d66fc860,0x00000000d6700000)
  to   space 8192K, 0% used [0x00000000d5c80000,0x00000000d5c80000,0x00000000d6480000)
 ParOldGen       total 1206272K, used 1206234K [0x0000000080000000, 0x00000000c9a00000, 0x00000000d5580000)
  object space 1206272K, 99% used [0x0000000080000000,0x00000000c99f6908,0x00000000c9a00000)
 Metaspace       used 84082K, committed 85696K, reserved 1179648K
  class space    used 8146K, committed 8960K, reserved 1048576K
}
Event: 6607.881 GC heap after
{Heap after GC invocations=2550 (full 6):
 PSYoungGen      total 9216K, used 1565K [0x00000000d5580000, 0x00000000d6500000, 0x0000000100000000)
  eden space 7168K, 0% used [0x00000000d5580000,0x00000000d5580000,0x00000000d5c80000)
  from space 2048K, 76% used [0x00000000d5c80000,0x00000000d5e07410,0x00000000d5e80000)
  to   space 3584K, 0% used [0x00000000d6180000,0x00000000d6180000,0x00000000d6500000)
 ParOldGen       total 1208832K, used 1208684K [0x0000000080000000, 0x00000000c9c80000, 0x00000000d5580000)
  object space 1208832K, 99% used [0x0000000080000000,0x00000000c9c5b168,0x00000000c9c80000)
 Metaspace       used 84082K, committed 85696K, reserved 1179648K
  class space    used 8146K, committed 8960K, reserved 1048576K
}
Event: 6607.890 GC heap before
{Heap before GC invocations=2551 (full 6):
 PSYoungGen      total 9216K, used 8733K [0x00000000d5580000, 0x00000000d6500000, 0x0000000100000000)
  eden space 7168K, 100% used [0x00000000d5580000,0x00000000d5c80000,0x00000000d5c80000)
  from space 2048K, 76% used [0x00000000d5c80000,0x00000000d5e07410,0x00000000d5e80000)
  to   space 3584K, 0% used [0x00000000d6180000,0x00000000d6180000,0x00000000d6500000)
 ParOldGen       total 1208832K, used 1208684K [0x0000000080000000, 0x00000000c9c80000, 0x00000000d5580000)
  object space 1208832K, 99% used [0x0000000080000000,0x00000000c9c5b168,0x00000000c9c80000)
 Metaspace       used 84082K, committed 85696K, reserved 1179648K
  class space    used 8146K, committed 8960K, reserved 1048576K
}
Event: 6607.894 GC heap after
{Heap after GC invocations=2551 (full 6):
 PSYoungGen      total 9728K, used 852K [0x00000000d5580000, 0x00000000d6280000, 0x0000000100000000)
  eden space 8704K, 0% used [0x00000000d5580000,0x00000000d5580000,0x00000000d5e00000)
  from space 1024K, 83% used [0x00000000d6180000,0x00000000d6255000,0x00000000d6280000)
  to   space 1536K, 0% used [0x00000000d5f80000,0x00000000d5f80000,0x00000000d6100000)
 ParOldGen       total 1210368K, used 1210117K [0x0000000080000000, 0x00000000c9e00000, 0x00000000d5580000)
  object space 1210368K, 99% used [0x0000000080000000,0x00000000c9dc14e0,0x00000000c9e00000)
 Metaspace       used 84082K, committed 85696K, reserved 1179648K
  class space    used 8146K, committed 8960K, reserved 1048576K
}
Event: 6607.915 GC heap before
{Heap before GC invocations=2552 (full 6):
 PSYoungGen      total 9728K, used 9556K [0x00000000d5580000, 0x00000000d6280000, 0x0000000100000000)
  eden space 8704K, 100% used [0x00000000d5580000,0x00000000d5e00000,0x00000000d5e00000)
  from space 1024K, 83% used [0x00000000d6180000,0x00000000d6255000,0x00000000d6280000)
  to   space 1536K, 0% used [0x00000000d5f80000,0x00000000d5f80000,0x00000000d6100000)
 ParOldGen       total 1210368K, used 1210117K [0x0000000080000000, 0x00000000c9e00000, 0x00000000d5580000)
  object space 1210368K, 99% used [0x0000000080000000,0x00000000c9dc14e0,0x00000000c9e00000)
 Metaspace       used 84082K, committed 85696K, reserved 1179648K
  class space    used 8146K, committed 8960K, reserved 1048576K
}
Event: 6607.918 GC heap after
{Heap after GC invocations=2552 (full 6):
 PSYoungGen      total 10240K, used 1188K [0x00000000d5580000, 0x00000000d6200000, 0x0000000100000000)
  eden space 8704K, 0% used [0x00000000d5580000,0x00000000d5580000,0x00000000d5e00000)
  from space 1536K, 77% used [0x00000000d5f80000,0x00000000d60a9210,0x00000000d6100000)
  to   space 1024K, 0% used [0x00000000d6100000,0x00000000d6100000,0x00000000d6200000)
 ParOldGen       total 1210880K, used 1210857K [0x0000000080000000, 0x00000000c9e80000, 0x00000000d5580000)
  object space 1210880K, 99% used [0x0000000080000000,0x00000000c9e7a4e0,0x00000000c9e80000)
 Metaspace       used 84082K, committed 85696K, reserved 1179648K
  class space    used 8146K, committed 8960K, reserved 1048576K
}
Event: 6607.924 GC heap before
{Heap before GC invocations=2553 (full 6):
 PSYoungGen      total 10240K, used 9892K [0x00000000d5580000, 0x00000000d6200000, 0x0000000100000000)
  eden space 8704K, 100% used [0x00000000d5580000,0x00000000d5e00000,0x00000000d5e00000)
  from space 1536K, 77% used [0x00000000d5f80000,0x00000000d60a9210,0x00000000d6100000)
  to   space 1024K, 0% used [0x00000000d6100000,0x00000000d6100000,0x00000000d6200000)
 ParOldGen       total 1210880K, used 1210857K [0x0000000080000000, 0x00000000c9e80000, 0x00000000d5580000)
  object space 1210880K, 99% used [0x0000000080000000,0x00000000c9e7a4e0,0x00000000c9e80000)
 Metaspace       used 84082K, committed 85696K, reserved 1179648K
  class space    used 8146K, committed 8960K, reserved 1048576K
}
Event: 6607.926 GC heap after
{Heap after GC invocations=2553 (full 6):
 PSYoungGen      total 9216K, used 1001K [0x00000000d5580000, 0x00000000d6700000, 0x0000000100000000)
  eden space 8192K, 0% used [0x00000000d5580000,0x00000000d5580000,0x00000000d5d80000)
  from space 1024K, 97% used [0x00000000d6100000,0x00000000d61fa430,0x00000000d6200000)
  to   space 3584K, 0% used [0x00000000d5d80000,0x00000000d5d80000,0x00000000d6100000)
 ParOldGen       total 1213440K, used 1212987K [0x0000000080000000, 0x00000000ca100000, 0x00000000d5580000)
  object space 1213440K, 99% used [0x0000000080000000,0x00000000ca08ec10,0x00000000ca100000)
 Metaspace       used 84082K, committed 85696K, reserved 1179648K
  class space    used 8146K, committed 8960K, reserved 1048576K
}
Event: 6607.934 GC heap before
{Heap before GC invocations=2554 (full 6):
 PSYoungGen      total 9216K, used 9193K [0x00000000d5580000, 0x00000000d6700000, 0x0000000100000000)
  eden space 8192K, 100% used [0x00000000d5580000,0x00000000d5d80000,0x00000000d5d80000)
  from space 1024K, 97% used [0x00000000d6100000,0x00000000d61fa430,0x00000000d6200000)
  to   space 3584K, 0% used [0x00000000d5d80000,0x00000000d5d80000,0x00000000d6100000)
 ParOldGen       total 1213440K, used 1212987K [0x0000000080000000, 0x00000000ca100000, 0x00000000d5580000)
  object space 1213440K, 99% used [0x0000000080000000,0x00000000ca08ec10,0x00000000ca100000)
 Metaspace       used 84082K, committed 85696K, reserved 1179648K
  class space    used 8146K, committed 8960K, reserved 1048576K
}
Event: 6607.938 GC heap after
{Heap after GC invocations=2554 (full 6):
 PSYoungGen      total 11776K, used 3584K [0x00000000d5580000, 0x00000000d6980000, 0x0000000100000000)
  eden space 8192K, 0% used [0x00000000d5580000,0x00000000d5580000,0x00000000d5d80000)
  from space 3584K, 100% used [0x00000000d5d80000,0x00000000d6100000,0x00000000d6100000)
  to   space 5120K, 0% used [0x00000000d6480000,0x00000000d6480000,0x00000000d6980000)
 ParOldGen       total 1214464K, used 1214067K [0x0000000080000000, 0x00000000ca200000, 0x00000000d5580000)
  object space 1214464K, 99% used [0x0000000080000000,0x00000000ca19ce18,0x00000000ca200000)
 Metaspace       used 84082K, committed 85696K, reserved 1179648K
  class space    used 8146K, committed 8960K, reserved 1048576K
}
Event: 6607.950 GC heap before
{Heap before GC invocations=2555 (full 6):
 PSYoungGen      total 11776K, used 11776K [0x00000000d5580000, 0x00000000d6980000, 0x0000000100000000)
  eden space 8192K, 100% used [0x00000000d5580000,0x00000000d5d80000,0x00000000d5d80000)
  from space 3584K, 100% used [0x00000000d5d80000,0x00000000d6100000,0x00000000d6100000)
  to   space 5120K, 0% used [0x00000000d6480000,0x00000000d6480000,0x00000000d6980000)
 ParOldGen       total 1214464K, used 1214067K [0x0000000080000000, 0x00000000ca200000, 0x00000000d5580000)
  object space 1214464K, 99% used [0x0000000080000000,0x00000000ca19ce18,0x00000000ca200000)
 Metaspace       used 84082K, committed 85696K, reserved 1179648K
  class space    used 8146K, committed 8960K, reserved 1048576K
}
Event: 6607.954 GC heap after
{Heap after GC invocations=2555 (full 6):
 PSYoungGen      total 12288K, used 1885K [0x00000000d5580000, 0x00000000d6680000, 0x0000000100000000)
  eden space 10240K, 0% used [0x00000000d5580000,0x00000000d5580000,0x00000000d5f80000)
  from space 2048K, 92% used [0x00000000d6480000,0x00000000d6657410,0x00000000d6680000)
  to   space 3072K, 0% used [0x00000000d6080000,0x00000000d6080000,0x00000000d6380000)
 ParOldGen       total 1218048K, used 1217714K [0x0000000080000000, 0x00000000ca580000, 0x00000000d5580000)
  object space 1218048K, 99% used [0x0000000080000000,0x00000000ca52cb18,0x00000000ca580000)
 Metaspace       used 84082K, committed 85696K, reserved 1179648K
  class space    used 8146K, committed 8960K, reserved 1048576K
}
Event: 6609.294 GC heap before
{Heap before GC invocations=2556 (full 6):
 PSYoungGen      total 12288K, used 12125K [0x00000000d5580000, 0x00000000d6680000, 0x0000000100000000)
  eden space 10240K, 100% used [0x00000000d5580000,0x00000000d5f80000,0x00000000d5f80000)
  from space 2048K, 92% used [0x00000000d6480000,0x00000000d6657410,0x00000000d6680000)
  to   space 3072K, 0% used [0x00000000d6080000,0x00000000d6080000,0x00000000d6380000)
 ParOldGen       total 1218048K, used 1217714K [0x0000000080000000, 0x00000000ca580000, 0x00000000d5580000)
  object space 1218048K, 99% used [0x0000000080000000,0x00000000ca52cb18,0x00000000ca580000)
 Metaspace       used 84082K, committed 85696K, reserved 1179648K
  class space    used 8146K, committed 8960K, reserved 1048576K
}
Event: 6609.296 GC heap after
{Heap after GC invocations=2556 (full 6):
 PSYoungGen      total 11776K, used 1336K [0x00000000d5580000, 0x00000000d6500000, 0x0000000100000000)
  eden space 10240K, 0% used [0x00000000d5580000,0x00000000d5580000,0x00000000d5f80000)
  from space 1536K, 87% used [0x00000000d6080000,0x00000000d61ce210,0x00000000d6200000)
  to   space 2048K, 0% used [0x00000000d6300000,0x00000000d6300000,0x00000000d6500000)
 ParOldGen       total 1219584K, used 1219419K [0x0000000080000000, 0x00000000ca700000, 0x00000000d5580000)
  object space 1219584K, 99% used [0x0000000080000000,0x00000000ca6d6e90,0x00000000ca700000)
 Metaspace       used 84082K, committed 85696K, reserved 1179648K
  class space    used 8146K, committed 8960K, reserved 1048576K
}
Event: 6609.689 GC heap before
{Heap before GC invocations=2557 (full 6):
 PSYoungGen      total 11776K, used 11576K [0x00000000d5580000, 0x00000000d6500000, 0x0000000100000000)
  eden space 10240K, 99% used [0x00000000d5580000,0x00000000d5f7fff8,0x00000000d5f80000)
  from space 1536K, 87% used [0x00000000d6080000,0x00000000d61ce210,0x00000000d6200000)
  to   space 2048K, 0% used [0x00000000d6300000,0x00000000d6300000,0x00000000d6500000)
 ParOldGen       total 1219584K, used 1219419K [0x0000000080000000, 0x00000000ca700000, 0x00000000d5580000)
  object space 1219584K, 99% used [0x0000000080000000,0x00000000ca6d6e90,0x00000000ca700000)
 Metaspace       used 84087K, committed 85696K, reserved 1179648K
  class space    used 8146K, committed 8960K, reserved 1048576K
}
Event: 6610.691 GC heap after
{Heap after GC invocations=2557 (full 6):
 PSYoungGen      total 13824K, used 1172K [0x00000000d5580000, 0x00000000d6480000, 0x0000000100000000)
  eden space 12288K, 0% used [0x00000000d5580000,0x00000000d5580000,0x00000000d6180000)
  from space 1536K, 76% used [0x00000000d6300000,0x00000000d6425240,0x00000000d6480000)
  to   space 1536K, 0% used [0x00000000d6180000,0x00000000d6180000,0x00000000d6300000)
 ParOldGen       total 1221120K, used 1220618K [0x0000000080000000, 0x00000000ca880000, 0x00000000d5580000)
  object space 1221120K, 99% used [0x0000000080000000,0x00000000ca802900,0x00000000ca880000)
 Metaspace       used 84087K, committed 85696K, reserved 1179648K
  class space    used 8146K, committed 8960K, reserved 1048576K
}
Event: 6610.704 GC heap before
{Heap before GC invocations=2558 (full 6):
 PSYoungGen      total 13824K, used 13460K [0x00000000d5580000, 0x00000000d6480000, 0x0000000100000000)
  eden space 12288K, 100% used [0x00000000d5580000,0x00000000d6180000,0x00000000d6180000)
  from space 1536K, 76% used [0x00000000d6300000,0x00000000d6425240,0x00000000d6480000)
  to   space 1536K, 0% used [0x00000000d6180000,0x00000000d6180000,0x00000000d6300000)
 ParOldGen       total 1221120K, used 1220618K [0x0000000080000000, 0x00000000ca880000, 0x00000000d5580000)
  object space 1221120K, 99% used [0x0000000080000000,0x00000000ca802900,0x00000000ca880000)
 Metaspace       used 84087K, committed 85696K, reserved 1179648K
  class space    used 8146K, committed 8960K, reserved 1048576K
}
Event: 6610.707 GC heap after
{Heap after GC invocations=2558 (full 6):
 PSYoungGen      total 13824K, used 1364K [0x00000000d5580000, 0x00000000d6700000, 0x0000000100000000)
  eden space 12288K, 0% used [0x00000000d5580000,0x00000000d5580000,0x00000000d6180000)
  from space 1536K, 88% used [0x00000000d6180000,0x00000000d62d5220,0x00000000d6300000)
  to   space 1536K, 0% used [0x00000000d6580000,0x00000000d6580000,0x00000000d6700000)
 ParOldGen       total 1222144K, used 1221665K [0x0000000080000000, 0x00000000ca980000, 0x00000000d5580000)
  object space 1222144K, 99% used [0x0000000080000000,0x00000000ca908640,0x00000000ca980000)
 Metaspace       used 84087K, committed 85696K, reserved 1179648K
  class space    used 8146K, committed 8960K, reserved 1048576K
}
Event: 6611.659 GC heap before
{Heap before GC invocations=2559 (full 6):
 PSYoungGen      total 13824K, used 13652K [0x00000000d5580000, 0x00000000d6700000, 0x0000000100000000)
  eden space 12288K, 100% used [0x00000000d5580000,0x00000000d6180000,0x00000000d6180000)
  from space 1536K, 88% used [0x00000000d6180000,0x00000000d62d5220,0x00000000d6300000)
  to   space 1536K, 0% used [0x00000000d6580000,0x00000000d6580000,0x00000000d6700000)
 ParOldGen       total 1222144K, used 1221665K [0x0000000080000000, 0x00000000ca980000, 0x00000000d5580000)
  object space 1222144K, 99% used [0x0000000080000000,0x00000000ca908640,0x00000000ca980000)
 Metaspace       used 84087K, committed 85696K, reserved 1179648K
  class space    used 8146K, committed 8960K, reserved 1048576K
}

