# JRE version: OpenJDK Runtime Environment Temurin-21.0.9+10 (21.0.9+10) (build 21.0.9+10-LTS)
# Java VM: OpenJDK 64-Bit Server VM Temurin-21.0.9+10 (21.0.9+10-LTS, mixed mode, sharing, tiered, compressed oops, compressed class ptrs, parallel gc, windows-amd64)
GC Precious Log:
 CardTable entry size: 512
 CPUs: 12 total, 12 available
 Memory: 15752M
 Large Page Support: Disabled
 NUMA Support: Disabled
 Compressed Oops: Enabled (32-bit)
 Alignments: Space 512K, Generation 512K, Heap 2M
 Heap Min Capacity: 100M
 Heap Initial Capacity: 100M
 Heap Max Capacity: 2G
 Pre-touch: Disabled
 Parallel Workers: 10
Heap:
 PSYoungGen      total 5120K, used 2912K [0x00000000d5580000, 0x00000000d5c80000, 0x0000000100000000)
  eden space 4096K, 51% used [0x00000000d5580000,0x00000000d5792ec8,0x00000000d5980000)
  from space 1024K, 77% used [0x00000000d5980000,0x00000000d5a45200,0x00000000d5a80000)
  to   space 1024K, 0% used [0x00000000d5b80000,0x00000000d5b80000,0x00000000d5c80000)
 ParOldGen       total 1370624K, used 1370216K [0x0000000080000000, 0x00000000d3a80000, 0x00000000d5580000)
  object space 1370624K, 99% used [0x0000000080000000,0x00000000d3a1a260,0x00000000d3a80000)
 Metaspace       used 92432K, committed 94272K, reserved 1179648K
  class space    used 10644K, committed 11520K, reserved 1048576K
GC Heap History (20 events):
Event: 244.769 GC heap before
{Heap before GC invocations=1698 (full 4):
 PSYoungGen      total 4608K, used 4149K [0x00000000d5580000, 0x00000000d6100000, 0x0000000100000000)
  eden space 2048K, 100% used [0x00000000d5580000,0x00000000d5780000,0x00000000d5780000)
  from space 2560K, 82% used [0x00000000d5780000,0x00000000d598d7e8,0x00000000d5a00000)
  to   space 4608K, 0% used [0x00000000d5c80000,0x00000000d5c80000,0x00000000d6100000)
 ParOldGen       total 1353216K, used 1352782K [0x0000000080000000, 0x00000000d2980000, 0x00000000d5580000)
  object space 1353216K, 99% used [0x0000000080000000,0x00000000d29139e0,0x00000000d2980000)
 Metaspace       used 92392K, committed 94208K, reserved 1179648K
  class space    used 10644K, committed 11520K, reserved 1048576K
}
Event: 244.775 GC heap after
{Heap after GC invocations=1698 (full 4):
 PSYoungGen      total 5120K, used 2142K [0x00000000d5580000, 0x00000000d5f00000, 0x0000000100000000)
  eden space 2560K, 0% used [0x00000000d5580000,0x00000000d5580000,0x00000000d5800000)
  from space 2560K, 83% used [0x00000000d5c80000,0x00000000d5e97aa8,0x00000000d5f00000)
  to   space 2560K, 0% used [0x00000000d5a00000,0x00000000d5a00000,0x00000000d5c80000)
 ParOldGen       total 1355264K, used 1354832K [0x0000000080000000, 0x00000000d2b80000, 0x00000000d5580000)
  object space 1355264K, 99% used [0x0000000080000000,0x00000000d2b14008,0x00000000d2b80000)
 Metaspace       used 92392K, committed 94208K, reserved 1179648K
  class space    used 10644K, committed 11520K, reserved 1048576K
}
Event: 244.780 GC heap before
{Heap before GC invocations=1699 (full 4):
 PSYoungGen      total 5120K, used 4702K [0x00000000d5580000, 0x00000000d5f00000, 0x0000000100000000)
  eden space 2560K, 100% used [0x00000000d5580000,0x00000000d5800000,0x00000000d5800000)
  from space 2560K, 83% used [0x00000000d5c80000,0x00000000d5e97aa8,0x00000000d5f00000)
  to   space 2560K, 0% used [0x00000000d5a00000,0x00000000d5a00000,0x00000000d5c80000)
 ParOldGen       total 1355264K, used 1354832K [0x0000000080000000, 0x00000000d2b80000, 0x00000000d5580000)
  object space 1355264K, 99% used [0x0000000080000000,0x00000000d2b14008,0x00000000d2b80000)
 Metaspace       used 92392K, committed 94208K, reserved 1179648K
  class space    used 10644K, committed 11520K, reserved 1048576K
}
Event: 244.783 GC heap after
{Heap after GC invocations=1699 (full 4):
 PSYoungGen      total 5632K, used 2543K [0x00000000d5580000, 0x00000000d6280000, 0x0000000100000000)
  eden space 3072K, 0% used [0x00000000d5580000,0x00000000d5580000,0x00000000d5880000)
  from space 2560K, 99% used [0x00000000d5a00000,0x00000000d5c7bdf0,0x00000000d5c80000)
  to   space 5120K, 0% used [0x00000000d5d80000,0x00000000d5d80000,0x00000000d6280000)
 ParOldGen       total 1357312K, used 1356934K [0x0000000080000000, 0x00000000d2d80000, 0x00000000d5580000)
  object space 1357312K, 99% used [0x0000000080000000,0x00000000d2d219a0,0x00000000d2d80000)
 Metaspace       used 92392K, committed 94208K, reserved 1179648K
  class space    used 10644K, committed 11520K, reserved 1048576K
}
Event: 244.790 GC heap before
{Heap before GC invocations=1700 (full 4):
 PSYoungGen      total 5632K, used 5615K [0x00000000d5580000, 0x00000000d6280000, 0x0000000100000000)
  eden space 3072K, 100% used [0x00000000d5580000,0x00000000d5880000,0x00000000d5880000)
  from space 2560K, 99% used [0x00000000d5a00000,0x00000000d5c7bdf0,0x00000000d5c80000)
  to   space 5120K, 0% used [0x00000000d5d80000,0x00000000d5d80000,0x00000000d6280000)
 ParOldGen       total 1357312K, used 1356934K [0x0000000080000000, 0x00000000d2d80000, 0x00000000d5580000)
  object space 1357312K, 99% used [0x0000000080000000,0x00000000d2d219a0,0x00000000d2d80000)
 Metaspace       used 92392K, committed 94208K, reserved 1179648K
  class space    used 10644K, committed 11520K, reserved 1048576K
}
Event: 244.794 GC heap after
{Heap after GC invocations=1700 (full 4):
 PSYoungGen      total 8192K, used 3200K [0x00000000d5580000, 0x00000000d6180000, 0x0000000100000000)
  eden space 4096K, 0% used [0x00000000d5580000,0x00000000d5580000,0x00000000d5980000)
  from space 4096K, 78% used [0x00000000d5d80000,0x00000000d60a0000,0x00000000d6180000)
  to   space 4096K, 0% used [0x00000000d5980000,0x00000000d5980000,0x00000000d5d80000)
 ParOldGen       total 1359872K, used 1359466K [0x0000000080000000, 0x00000000d3000000, 0x00000000d5580000)
  object space 1359872K, 99% used [0x0000000080000000,0x00000000d2f9abb8,0x00000000d3000000)
 Metaspace       used 92392K, committed 94208K, reserved 1179648K
  class space    used 10644K, committed 11520K, reserved 1048576K
}
Event: 244.803 GC heap before
{Heap before GC invocations=1701 (full 4):
 PSYoungGen      total 8192K, used 6476K [0x00000000d5580000, 0x00000000d6180000, 0x0000000100000000)
  eden space 4096K, 80% used [0x00000000d5580000,0x00000000d58b3348,0x00000000d5980000)
  from space 4096K, 78% used [0x00000000d5d80000,0x00000000d60a0000,0x00000000d6180000)
  to   space 4096K, 0% used [0x00000000d5980000,0x00000000d5980000,0x00000000d5d80000)
 ParOldGen       total 1359872K, used 1359466K [0x0000000080000000, 0x00000000d3000000, 0x00000000d5580000)
  object space 1359872K, 99% used [0x0000000080000000,0x00000000d2f9abb8,0x00000000d3000000)
 Metaspace       used 92392K, committed 94208K, reserved 1179648K
  class space    used 10644K, committed 11520K, reserved 1048576K
}
Event: 244.809 GC heap after
{Heap after GC invocations=1701 (full 4):
 PSYoungGen      total 8192K, used 2815K [0x00000000d5580000, 0x00000000d6080000, 0x0000000100000000)
  eden space 4096K, 0% used [0x00000000d5580000,0x00000000d5580000,0x00000000d5980000)
  from space 4096K, 68% used [0x00000000d5980000,0x00000000d5c3fd88,0x00000000d5d80000)
  to   space 3072K, 0% used [0x00000000d5d80000,0x00000000d5d80000,0x00000000d6080000)
 ParOldGen       total 1362944K, used 1362559K [0x0000000080000000, 0x00000000d3300000, 0x00000000d5580000)
  object space 1362944K, 99% used [0x0000000080000000,0x00000000d329fda0,0x00000000d3300000)
 Metaspace       used 92392K, committed 94208K, reserved 1179648K
  class space    used 10644K, committed 11520K, reserved 1048576K
}
Event: 244.837 GC heap before
{Heap before GC invocations=1702 (full 4):
 PSYoungGen      total 8192K, used 6238K [0x00000000d5580000, 0x00000000d6080000, 0x0000000100000000)
  eden space 4096K, 83% used [0x00000000d5580000,0x00000000d58d7aa8,0x00000000d5980000)
  from space 4096K, 68% used [0x00000000d5980000,0x00000000d5c3fd88,0x00000000d5d80000)
  to   space 3072K, 0% used [0x00000000d5d80000,0x00000000d5d80000,0x00000000d6080000)
 ParOldGen       total 1362944K, used 1362559K [0x0000000080000000, 0x00000000d3300000, 0x00000000d5580000)
  object space 1362944K, 99% used [0x0000000080000000,0x00000000d329fda0,0x00000000d3300000)
 Metaspace       used 92392K, committed 94208K, reserved 1179648K
  class space    used 10644K, committed 11520K, reserved 1048576K
}
Event: 244.841 GC heap after
{Heap after GC invocations=1702 (full 4):
 PSYoungGen      total 5120K, used 3046K [0x00000000d5580000, 0x00000000d6680000, 0x0000000100000000)
  eden space 2048K, 0% used [0x00000000d5580000,0x00000000d5580000,0x00000000d5780000)
  from space 3072K, 99% used [0x00000000d5d80000,0x00000000d60799d8,0x00000000d6080000)
  to   space 6144K, 0% used [0x00000000d5780000,0x00000000d5780000,0x00000000d5d80000)
 ParOldGen       total 1365504K, used 1365005K [0x0000000080000000, 0x00000000d3580000, 0x00000000d5580000)
  object space 1365504K, 99% used [0x0000000080000000,0x00000000d35034e0,0x00000000d3580000)
 Metaspace       used 92392K, committed 94208K, reserved 1179648K
  class space    used 10644K, committed 11520K, reserved 1048576K
}
Event: 244.850 GC heap before
{Heap before GC invocations=1703 (full 4):
 PSYoungGen      total 5120K, used 5094K [0x00000000d5580000, 0x00000000d6680000, 0x0000000100000000)
  eden space 2048K, 100% used [0x00000000d5580000,0x00000000d5780000,0x00000000d5780000)
  from space 3072K, 99% used [0x00000000d5d80000,0x00000000d60799d8,0x00000000d6080000)
  to   space 6144K, 0% used [0x00000000d5780000,0x00000000d5780000,0x00000000d5d80000)
 ParOldGen       total 1365504K, used 1365005K [0x0000000080000000, 0x00000000d3580000, 0x00000000d5580000)
  object space 1365504K, 99% used [0x0000000080000000,0x00000000d35034e0,0x00000000d3580000)
 Metaspace       used 92392K, committed 94208K, reserved 1179648K
  class space    used 10644K, committed 11520K, reserved 1048576K
}
Event: 244.853 GC heap after
{Heap after GC invocations=1703 (full 4):
 PSYoungGen      total 3584K, used 1359K [0x00000000d5580000, 0x00000000d5e00000, 0x0000000100000000)
  eden space 2048K, 0% used [0x00000000d5580000,0x00000000d5580000,0x00000000d5780000)
  from space 1536K, 88% used [0x00000000d5780000,0x00000000d58d3d70,0x00000000d5900000)
  to   space 3072K, 0% used [0x00000000d5b00000,0x00000000d5b00000,0x00000000d5e00000)
 ParOldGen       total 1368576K, used 1368091K [0x0000000080000000, 0x00000000d3880000, 0x00000000d5580000)
  object space 1368576K, 99% used [0x0000000080000000,0x00000000d3806d68,0x00000000d3880000)
 Metaspace       used 92392K, committed 94208K, reserved 1179648K
  class space    used 10644K, committed 11520K, reserved 1048576K
}
Event: 244.860 GC heap before
{Heap before GC invocations=1704 (full 4):
 PSYoungGen      total 3584K, used 3407K [0x00000000d5580000, 0x00000000d5e00000, 0x0000000100000000)
  eden space 2048K, 99% used [0x00000000d5580000,0x00000000d577fff8,0x00000000d5780000)
  from space 1536K, 88% used [0x00000000d5780000,0x00000000d58d3d70,0x00000000d5900000)
  to   space 3072K, 0% used [0x00000000d5b00000,0x00000000d5b00000,0x00000000d5e00000)
 ParOldGen       total 1368576K, used 1368091K [0x0000000080000000, 0x00000000d3880000, 0x00000000d5580000)
  object space 1368576K, 99% used [0x0000000080000000,0x00000000d3806d68,0x00000000d3880000)
 Metaspace       used 92392K, committed 94208K, reserved 1179648K
  class space    used 10644K, committed 11520K, reserved 1048576K
}
Event: 244.863 GC heap after
{Heap after GC invocations=1704 (full 4):
 PSYoungGen      total 3072K, used 352K [0x00000000d5580000, 0x00000000d5b80000, 0x0000000100000000)
  eden space 2560K, 0% used [0x00000000d5580000,0x00000000d5580000,0x00000000d5800000)
  from space 512K, 68% used [0x00000000d5b00000,0x00000000d5b58000,0x00000000d5b80000)
  to   space 1024K, 0% used [0x00000000d5980000,0x00000000d5980000,0x00000000d5a80000)
 ParOldGen       total 1369600K, used 1369316K [0x0000000080000000, 0x00000000d3980000, 0x00000000d5580000)
  object space 1369600K, 99% used [0x0000000080000000,0x00000000d3939198,0x00000000d3980000)
 Metaspace       used 92392K, committed 94208K, reserved 1179648K
  class space    used 10644K, committed 11520K, reserved 1048576K
}
Event: 245.828 GC heap before
{Heap before GC invocations=1705 (full 4):
 PSYoungGen      total 3072K, used 2911K [0x00000000d5580000, 0x00000000d5b80000, 0x0000000100000000)
  eden space 2560K, 99% used [0x00000000d5580000,0x00000000d57fffe8,0x00000000d5800000)
  from space 512K, 68% used [0x00000000d5b00000,0x00000000d5b58000,0x00000000d5b80000)
  to   space 1024K, 0% used [0x00000000d5980000,0x00000000d5980000,0x00000000d5a80000)
 ParOldGen       total 1369600K, used 1369316K [0x0000000080000000, 0x00000000d3980000, 0x00000000d5580000)
  object space 1369600K, 99% used [0x0000000080000000,0x00000000d3939198,0x00000000d3980000)
 Metaspace       used 92424K, committed 94272K, reserved 1179648K
  class space    used 10644K, committed 11520K, reserved 1048576K
}
Event: 245.830 GC heap after
{Heap after GC invocations=1705 (full 4):
 PSYoungGen      total 4096K, used 416K [0x00000000d5580000, 0x00000000d5b80000, 0x0000000100000000)
  eden space 3072K, 0% used [0x00000000d5580000,0x00000000d5580000,0x00000000d5880000)
  from space 1024K, 40% used [0x00000000d5980000,0x00000000d59e8000,0x00000000d5a80000)
  to   space 512K, 0% used [0x00000000d5b00000,0x00000000d5b00000,0x00000000d5b80000)
 ParOldGen       total 1369600K, used 1369539K [0x0000000080000000, 0x00000000d3980000, 0x00000000d5580000)
  object space 1369600K, 99% used [0x0000000080000000,0x00000000d3970c68,0x00000000d3980000)
 Metaspace       used 92424K, committed 94272K, reserved 1179648K
  class space    used 10644K, committed 11520K, reserved 1048576K
}
Event: 245.835 GC heap before
{Heap before GC invocations=1706 (full 4):
 PSYoungGen      total 4096K, used 3488K [0x00000000d5580000, 0x00000000d5b80000, 0x0000000100000000)
  eden space 3072K, 100% used [0x00000000d5580000,0x00000000d5880000,0x00000000d5880000)
  from space 1024K, 40% used [0x00000000d5980000,0x00000000d59e8000,0x00000000d5a80000)
  to   space 512K, 0% used [0x00000000d5b00000,0x00000000d5b00000,0x00000000d5b80000)
 ParOldGen       total 1369600K, used 1369539K [0x0000000080000000, 0x00000000d3980000, 0x00000000d5580000)
  object space 1369600K, 99% used [0x0000000080000000,0x00000000d3970c68,0x00000000d3980000)
 Metaspace       used 92424K, committed 94272K, reserved 1179648K
  class space    used 10644K, committed 11520K, reserved 1048576K
}
Event: 245.838 GC heap after
{Heap after GC invocations=1706 (full 4):
 PSYoungGen      total 4608K, used 512K [0x00000000d5580000, 0x00000000d5b80000, 0x0000000100000000)
  eden space 4096K, 0% used [0x00000000d5580000,0x00000000d5580000,0x00000000d5980000)
  from space 512K, 100% used [0x00000000d5b00000,0x00000000d5b80000,0x00000000d5b80000)
  to   space 1024K, 0% used [0x00000000d5980000,0x00000000d5980000,0x00000000d5a80000)
 ParOldGen       total 1370112K, used 1369824K [0x0000000080000000, 0x00000000d3a00000, 0x00000000d5580000)
  object space 1370112K, 99% used [0x0000000080000000,0x00000000d39b8240,0x00000000d3a00000)
 Metaspace       used 92424K, committed 94272K, reserved 1179648K
  class space    used 10644K, committed 11520K, reserved 1048576K
}
Event: 245.865 GC heap before
{Heap before GC invocations=1707 (full 4):
 PSYoungGen      total 4608K, used 4608K [0x00000000d5580000, 0x00000000d5b80000, 0x0000000100000000)
  eden space 4096K, 100% used [0x00000000d5580000,0x00000000d5980000,0x00000000d5980000)
  from space 512K, 100% used [0x00000000d5b00000,0x00000000d5b80000,0x00000000d5b80000)
  to   space 1024K, 0% used [0x00000000d5980000,0x00000000d5980000,0x00000000d5a80000)
 ParOldGen       total 1370112K, used 1369824K [0x0000000080000000, 0x00000000d3a00000, 0x00000000d5580000)
  object space 1370112K, 99% used [0x0000000080000000,0x00000000d39b8240,0x00000000d3a00000)
 Metaspace       used 92431K, committed 94272K, reserved 1179648K
  class space    used 10644K, committed 11520K, reserved 1048576K
}
Event: 245.869 GC heap after
{Heap after GC invocations=1707 (full 4):
 PSYoungGen      total 5120K, used 788K [0x00000000d5580000, 0x00000000d5c80000, 0x0000000100000000)
  eden space 4096K, 0% used [0x00000000d5580000,0x00000000d5580000,0x00000000d5980000)
  from space 1024K, 77% used [0x00000000d5980000,0x00000000d5a45200,0x00000000d5a80000)
  to   space 1024K, 0% used [0x00000000d5b80000,0x00000000d5b80000,0x00000000d5c80000)
 ParOldGen       total 1370624K, used 1370216K [0x0000000080000000, 0x00000000d3a80000, 0x00000000d5580000)
  object space 1370624K, 99% used [0x0000000080000000,0x00000000d3a1a260,0x00000000d3a80000)
 Metaspace       used 92431K, committed 94272K, reserved 1179648K
  class space    used 10644K, committed 11520K, reserved 1048576K
}

